<?xml version="1.0" encoding="UTF-8"?>
<!-- Generated by org.testng.reporters.JUnitReportReporter -->
<testsuite skipped="0" hostname="DHIRAJ-MISHRA" name="com.pujaSeleniumLearning.tests.GoogleTest" tests="2" failures="0" timestamp="06 Aug 2020 03:41:30 GMT" time="10.810" errors="0">
  <testcase name="search21" time="7.049" classname="com.pujaSeleniumLearning.tests.GoogleTest"/>
  <testcase name="search2" time="3.761" classname="com.pujaSeleniumLearning.tests.GoogleTest"/>
</testsuite> <!-- com.pujaSeleniumLearning.tests.GoogleTest -->
