<?xml version="1.0" encoding="UTF-8"?>
<!-- Generated by org.testng.reporters.JUnitReportReporter -->
<testsuite skipped="0" hostname="DHIRAJ-MISHRA" name="com.pujaSeleniumLearning.tests.GoogleTest" tests="2" failures="0" timestamp="06 Aug 2020 03:37:10 GMT" time="59.773" errors="0">
  <testcase name="search21" time="29.190" classname="com.pujaSeleniumLearning.tests.GoogleTest"/>
  <testcase name="search2" time="30.583" classname="com.pujaSeleniumLearning.tests.GoogleTest"/>
</testsuite> <!-- com.pujaSeleniumLearning.tests.GoogleTest -->
