<?xml version="1.0" encoding="UTF-8"?>
<!-- Generated by org.testng.reporters.JUnitReportReporter -->
<testsuite skipped="0" hostname="DHIRAJ-MISHRA" name="com.pujaSeleniumLearning.tests.AmazoneTest" tests="1" failures="0" timestamp="15 Aug 2020 14:53:11 GMT" time="56.352" errors="0">
  <testcase name="amazonLogin" time="56.352" classname="com.pujaSeleniumLearning.tests.AmazoneTest"/>
</testsuite> <!-- com.pujaSeleniumLearning.tests.AmazoneTest -->
